2014-09-09 09:47:45 3744 [Note] Plugin 'FEDERATED' is disabled.
2014-09-09 09:47:45 3744 [Note] InnoDB: The InnoDB memory heap is disabled
2014-09-09 09:47:45 3744 [Note] InnoDB: Mutexes and rw_locks use Windows interlocked functions
2014-09-09 09:47:45 3744 [Note] InnoDB: Compressed tables use zlib 1.2.3
2014-09-09 09:47:45 3744 [Note] InnoDB: CPU does not support crc32 instructions
2014-09-09 09:47:45 3744 [Note] InnoDB: Initializing buffer pool, size = 128.0M
2014-09-09 09:47:45 3744 [Note] InnoDB: Completed initialization of buffer pool
2014-09-09 09:47:45 3744 [Note] InnoDB: Highest supported file format is Barracuda.
2014-09-09 09:47:46 3744 [Note] InnoDB: 128 rollback segment(s) are active.
2014-09-09 09:47:46 3744 [Note] InnoDB: Waiting for purge to start
2014-09-09 09:47:46 3744 [Note] InnoDB: 1.2.10 started; log sequence number 1625977
2014-09-09 09:47:46 3744 [Warning] No existing UUID has been found, so we assume that this is the first time that this server has been started. Generating a new UUID: 4c2d491e-37c3-11e4-b3cf-002522aa44db.
2014-09-09 09:47:46 3744 [Note] Server hostname (bind-address): '*'; port: 3306
2014-09-09 09:47:46 3744 [Note] IPv6 is available.
2014-09-09 09:47:46 3744 [Note]   - '::' resolves to '::';
2014-09-09 09:47:46 3744 [Note] Server socket created on IP: '::'.
2014-09-09 09:47:46 3744 [Note] Event Scheduler: Loaded 0 events
2014-09-09 09:47:46 3744 [Note] mysqld.exe: ready for connections.
Version: '5.6.10'  socket: ''  port: 3306  MySQL Community Server (GPL)
2014-09-09 09:49:02 9208 [Note] Plugin 'FEDERATED' is disabled.
2014-09-09 09:49:02 9208 [Note] InnoDB: The InnoDB memory heap is disabled
2014-09-09 09:49:02 9208 [Note] InnoDB: Mutexes and rw_locks use Windows interlocked functions
2014-09-09 09:49:02 9208 [Note] InnoDB: Compressed tables use zlib 1.2.3
2014-09-09 09:49:02 9208 [Note] InnoDB: CPU does not support crc32 instructions
2014-09-09 09:49:02 9208 [Note] InnoDB: Initializing buffer pool, size = 128.0M
2014-09-09 09:49:02 9208 [Note] InnoDB: Completed initialization of buffer pool
2014-09-09 09:49:02 9208 [ERROR] InnoDB: read can't be opened in .\ibdata1 mode
2014-09-09 09:49:02 9208 [ERROR] InnoDB: The system tablespace must be writable!
2014-09-09 09:49:02 9208 [ERROR] Plugin 'InnoDB' init function returned error.
2014-09-09 09:49:02 9208 [ERROR] Plugin 'InnoDB' registration as a STORAGE ENGINE failed.
2014-09-09 09:49:02 9208 [ERROR] Unknown/unsupported storage engine: InnoDB
2014-09-09 09:49:02 9208 [ERROR] Aborting

2014-09-09 09:49:02 9208 [Note] Binlog end
2014-09-09 09:49:02 9208 [Note] Shutting down plugin 'partition'
2014-09-09 09:49:02 9208 [Note] Shutting down plugin 'PERFORMANCE_SCHEMA'
2014-09-09 09:49:02 9208 [Note] Shutting down plugin 'INNODB_SYS_DATAFILES'
2014-09-09 09:49:02 9208 [Note] Shutting down plugin 'INNODB_SYS_TABLESPACES'
2014-09-09 09:49:02 9208 [Note] Shutting down plugin 'INNODB_SYS_FOREIGN_COLS'
2014-09-09 09:49:02 9208 [Note] Shutting down plugin 'INNODB_SYS_FOREIGN'
2014-09-09 09:49:02 9208 [Note] Shutting down plugin 'INNODB_SYS_FIELDS'
2014-09-09 09:49:02 9208 [Note] Shutting down plugin 'INNODB_SYS_COLUMNS'
2014-09-09 09:49:02 9208 [Note] Shutting down plugin 'INNODB_SYS_INDEXES'
2014-09-09 09:49:02 9208 [Note] Shutting down plugin 'INNODB_SYS_TABLESTATS'
2014-09-09 09:49:02 9208 [Note] Shutting down plugin 'INNODB_SYS_TABLES'
2014-09-09 09:49:02 9208 [Note] Shutting down plugin 'INNODB_FT_INDEX_TABLE'
2014-09-09 09:49:02 9208 [Note] Shutting down plugin 'INNODB_FT_INDEX_CACHE'
2014-09-09 09:49:02 9208 [Note] Shutting down plugin 'INNODB_FT_CONFIG'
2014-09-09 09:49:02 9208 [Note] Shutting down plugin 'INNODB_FT_BEING_DELETED'
2014-09-09 09:49:02 9208 [Note] Shutting down plugin 'INNODB_FT_DELETED'
2014-09-09 09:49:02 9208 [Note] Shutting down plugin 'INNODB_FT_INSERTED'
2014-09-09 09:49:02 9208 [Note] Shutting down plugin 'INNODB_FT_DEFAULT_STOPWORD'
2014-09-09 09:49:02 9208 [Note] Shutting down plugin 'INNODB_METRICS'
2014-09-09 09:49:02 9208 [Note] Shutting down plugin 'INNODB_BUFFER_POOL_STATS'
2014-09-09 09:49:02 9208 [Note] Shutting down plugin 'INNODB_BUFFER_PAGE_LRU'
2014-09-09 09:49:02 9208 [Note] Shutting down plugin 'INNODB_BUFFER_PAGE'
2014-09-09 09:49:02 9208 [Note] Shutting down plugin 'INNODB_CMP_PER_INDEX_RESET'
2014-09-09 09:49:02 9208 [Note] Shutting down plugin 'INNODB_CMP_PER_INDEX'
2014-09-09 09:49:02 9208 [Note] Shutting down plugin 'INNODB_CMPMEM_RESET'
2014-09-09 09:49:02 9208 [Note] Shutting down plugin 'INNODB_CMPMEM'
2014-09-09 09:49:02 9208 [Note] Shutting down plugin 'INNODB_CMP_RESET'
2014-09-09 09:49:02 9208 [Note] Shutting down plugin 'INNODB_CMP'
2014-09-09 09:49:02 9208 [Note] Shutting down plugin 'INNODB_LOCK_WAITS'
2014-09-09 09:49:02 9208 [Note] Shutting down plugin 'INNODB_LOCKS'
2014-09-09 09:49:02 9208 [Note] Shutting down plugin 'INNODB_TRX'
2014-09-09 09:49:02 9208 [Note] Shutting down plugin 'BLACKHOLE'
2014-09-09 09:49:02 9208 [Note] Shutting down plugin 'ARCHIVE'
2014-09-09 09:49:02 9208 [Note] Shutting down plugin 'MRG_MYISAM'
2014-09-09 09:49:02 9208 [Note] Shutting down plugin 'MyISAM'
2014-09-09 09:49:02 9208 [Note] Shutting down plugin 'MEMORY'
2014-09-09 09:49:02 9208 [Note] Shutting down plugin 'CSV'
2014-09-09 09:49:02 9208 [Note] Shutting down plugin 'sha256_password'
2014-09-09 09:49:02 9208 [Note] Shutting down plugin 'mysql_old_password'
2014-09-09 09:49:02 9208 [Note] Shutting down plugin 'mysql_native_password'
2014-09-09 09:49:02 9208 [Note] Shutting down plugin 'binlog'
2014-09-09 09:49:02 9208 [Note] mysql\bin\mysqld.exe: Shutdown complete

2014-09-09 10:20:55 9476 [Note] Plugin 'FEDERATED' is disabled.
2014-09-09 10:20:55 9476 [Note] InnoDB: The InnoDB memory heap is disabled
2014-09-09 10:20:55 9476 [Note] InnoDB: Mutexes and rw_locks use Windows interlocked functions
2014-09-09 10:20:55 9476 [Note] InnoDB: Compressed tables use zlib 1.2.3
2014-09-09 10:20:55 9476 [Note] InnoDB: CPU does not support crc32 instructions
2014-09-09 10:20:55 9476 [Note] InnoDB: Initializing buffer pool, size = 128.0M
2014-09-09 10:20:55 9476 [Note] InnoDB: Completed initialization of buffer pool
2014-09-09 10:20:55 9476 [ERROR] InnoDB: read can't be opened in .\ibdata1 mode
2014-09-09 10:20:55 9476 [ERROR] InnoDB: The system tablespace must be writable!
2014-09-09 10:20:55 9476 [ERROR] Plugin 'InnoDB' init function returned error.
2014-09-09 10:20:55 9476 [ERROR] Plugin 'InnoDB' registration as a STORAGE ENGINE failed.
2014-09-09 10:20:55 9476 [ERROR] Unknown/unsupported storage engine: InnoDB
2014-09-09 10:20:55 9476 [ERROR] Aborting

2014-09-09 10:20:55 9476 [Note] Binlog end
2014-09-09 10:20:55 9476 [Note] Shutting down plugin 'partition'
2014-09-09 10:20:55 9476 [Note] Shutting down plugin 'PERFORMANCE_SCHEMA'
2014-09-09 10:20:55 9476 [Note] Shutting down plugin 'INNODB_SYS_DATAFILES'
2014-09-09 10:20:55 9476 [Note] Shutting down plugin 'INNODB_SYS_TABLESPACES'
2014-09-09 10:20:55 9476 [Note] Shutting down plugin 'INNODB_SYS_FOREIGN_COLS'
2014-09-09 10:20:55 9476 [Note] Shutting down plugin 'INNODB_SYS_FOREIGN'
2014-09-09 10:20:55 9476 [Note] Shutting down plugin 'INNODB_SYS_FIELDS'
2014-09-09 10:20:55 9476 [Note] Shutting down plugin 'INNODB_SYS_COLUMNS'
2014-09-09 10:20:55 9476 [Note] Shutting down plugin 'INNODB_SYS_INDEXES'
2014-09-09 10:20:55 9476 [Note] Shutting down plugin 'INNODB_SYS_TABLESTATS'
2014-09-09 10:20:55 9476 [Note] Shutting down plugin 'INNODB_SYS_TABLES'
2014-09-09 10:20:55 9476 [Note] Shutting down plugin 'INNODB_FT_INDEX_TABLE'
2014-09-09 10:20:55 9476 [Note] Shutting down plugin 'INNODB_FT_INDEX_CACHE'
2014-09-09 10:20:55 9476 [Note] Shutting down plugin 'INNODB_FT_CONFIG'
2014-09-09 10:20:55 9476 [Note] Shutting down plugin 'INNODB_FT_BEING_DELETED'
2014-09-09 10:20:55 9476 [Note] Shutting down plugin 'INNODB_FT_DELETED'
2014-09-09 10:20:55 9476 [Note] Shutting down plugin 'INNODB_FT_INSERTED'
2014-09-09 10:20:55 9476 [Note] Shutting down plugin 'INNODB_FT_DEFAULT_STOPWORD'
2014-09-09 10:20:55 9476 [Note] Shutting down plugin 'INNODB_METRICS'
2014-09-09 10:20:55 9476 [Note] Shutting down plugin 'INNODB_BUFFER_POOL_STATS'
2014-09-09 10:20:55 9476 [Note] Shutting down plugin 'INNODB_BUFFER_PAGE_LRU'
2014-09-09 10:20:55 9476 [Note] Shutting down plugin 'INNODB_BUFFER_PAGE'
2014-09-09 10:20:55 9476 [Note] Shutting down plugin 'INNODB_CMP_PER_INDEX_RESET'
2014-09-09 10:20:55 9476 [Note] Shutting down plugin 'INNODB_CMP_PER_INDEX'
2014-09-09 10:20:55 9476 [Note] Shutting down plugin 'INNODB_CMPMEM_RESET'
2014-09-09 10:20:55 9476 [Note] Shutting down plugin 'INNODB_CMPMEM'
2014-09-09 10:20:55 9476 [Note] Shutting down plugin 'INNODB_CMP_RESET'
2014-09-09 10:20:55 9476 [Note] Shutting down plugin 'INNODB_CMP'
2014-09-09 10:20:55 9476 [Note] Shutting down plugin 'INNODB_LOCK_WAITS'
2014-09-09 10:20:55 9476 [Note] Shutting down plugin 'INNODB_LOCKS'
2014-09-09 10:20:55 9476 [Note] Shutting down plugin 'INNODB_TRX'
2014-09-09 10:20:55 9476 [Note] Shutting down plugin 'BLACKHOLE'
2014-09-09 10:20:55 9476 [Note] Shutting down plugin 'ARCHIVE'
2014-09-09 10:20:55 9476 [Note] Shutting down plugin 'MRG_MYISAM'
2014-09-09 10:20:55 9476 [Note] Shutting down plugin 'MyISAM'
2014-09-09 10:20:55 9476 [Note] Shutting down plugin 'MEMORY'
2014-09-09 10:20:55 9476 [Note] Shutting down plugin 'CSV'
2014-09-09 10:20:55 9476 [Note] Shutting down plugin 'sha256_password'
2014-09-09 10:20:55 9476 [Note] Shutting down plugin 'mysql_old_password'
2014-09-09 10:20:55 9476 [Note] Shutting down plugin 'mysql_native_password'
2014-09-09 10:20:55 9476 [Note] Shutting down plugin 'binlog'
2014-09-09 10:20:55 9476 [Note] mysql\bin\mysqld.exe: Shutdown complete

2014-09-09 10:22:25 9696 [Note] Plugin 'FEDERATED' is disabled.
2014-09-09 10:22:25 9696 [Note] InnoDB: The InnoDB memory heap is disabled
2014-09-09 10:22:25 9696 [Note] InnoDB: Mutexes and rw_locks use Windows interlocked functions
2014-09-09 10:22:25 9696 [Note] InnoDB: Compressed tables use zlib 1.2.3
2014-09-09 10:22:25 9696 [Note] InnoDB: CPU does not support crc32 instructions
2014-09-09 10:22:25 9696 [Note] InnoDB: Initializing buffer pool, size = 128.0M
2014-09-09 10:22:25 9696 [Note] InnoDB: Completed initialization of buffer pool
2014-09-09 10:22:25 9696 [ERROR] InnoDB: read can't be opened in .\ibdata1 mode
2014-09-09 10:22:25 9696 [ERROR] InnoDB: The system tablespace must be writable!
2014-09-09 10:22:25 9696 [ERROR] Plugin 'InnoDB' init function returned error.
2014-09-09 10:22:25 9696 [ERROR] Plugin 'InnoDB' registration as a STORAGE ENGINE failed.
2014-09-09 10:22:25 9696 [ERROR] Unknown/unsupported storage engine: InnoDB
2014-09-09 10:22:25 9696 [ERROR] Aborting

2014-09-09 10:22:25 9696 [Note] Binlog end
2014-09-09 10:22:25 9696 [Note] Shutting down plugin 'partition'
2014-09-09 10:22:25 9696 [Note] Shutting down plugin 'PERFORMANCE_SCHEMA'
2014-09-09 10:22:25 9696 [Note] Shutting down plugin 'INNODB_SYS_DATAFILES'
2014-09-09 10:22:25 9696 [Note] Shutting down plugin 'INNODB_SYS_TABLESPACES'
2014-09-09 10:22:25 9696 [Note] Shutting down plugin 'INNODB_SYS_FOREIGN_COLS'
2014-09-09 10:22:25 9696 [Note] Shutting down plugin 'INNODB_SYS_FOREIGN'
2014-09-09 10:22:25 9696 [Note] Shutting down plugin 'INNODB_SYS_FIELDS'
2014-09-09 10:22:25 9696 [Note] Shutting down plugin 'INNODB_SYS_COLUMNS'
2014-09-09 10:22:25 9696 [Note] Shutting down plugin 'INNODB_SYS_INDEXES'
2014-09-09 10:22:25 9696 [Note] Shutting down plugin 'INNODB_SYS_TABLESTATS'
2014-09-09 10:22:25 9696 [Note] Shutting down plugin 'INNODB_SYS_TABLES'
2014-09-09 10:22:25 9696 [Note] Shutting down plugin 'INNODB_FT_INDEX_TABLE'
2014-09-09 10:22:25 9696 [Note] Shutting down plugin 'INNODB_FT_INDEX_CACHE'
2014-09-09 10:22:25 9696 [Note] Shutting down plugin 'INNODB_FT_CONFIG'
2014-09-09 10:22:25 9696 [Note] Shutting down plugin 'INNODB_FT_BEING_DELETED'
2014-09-09 10:22:25 9696 [Note] Shutting down plugin 'INNODB_FT_DELETED'
2014-09-09 10:22:25 9696 [Note] Shutting down plugin 'INNODB_FT_INSERTED'
2014-09-09 10:22:25 9696 [Note] Shutting down plugin 'INNODB_FT_DEFAULT_STOPWORD'
2014-09-09 10:22:25 9696 [Note] Shutting down plugin 'INNODB_METRICS'
2014-09-09 10:22:25 9696 [Note] Shutting down plugin 'INNODB_BUFFER_POOL_STATS'
2014-09-09 10:22:25 9696 [Note] Shutting down plugin 'INNODB_BUFFER_PAGE_LRU'
2014-09-09 10:22:25 9696 [Note] Shutting down plugin 'INNODB_BUFFER_PAGE'
2014-09-09 10:22:25 9696 [Note] Shutting down plugin 'INNODB_CMP_PER_INDEX_RESET'
2014-09-09 10:22:25 9696 [Note] Shutting down plugin 'INNODB_CMP_PER_INDEX'
2014-09-09 10:22:25 9696 [Note] Shutting down plugin 'INNODB_CMPMEM_RESET'
2014-09-09 10:22:25 9696 [Note] Shutting down plugin 'INNODB_CMPMEM'
2014-09-09 10:22:25 9696 [Note] Shutting down plugin 'INNODB_CMP_RESET'
2014-09-09 10:22:25 9696 [Note] Shutting down plugin 'INNODB_CMP'
2014-09-09 10:22:25 9696 [Note] Shutting down plugin 'INNODB_LOCK_WAITS'
2014-09-09 10:22:25 9696 [Note] Shutting down plugin 'INNODB_LOCKS'
2014-09-09 10:22:25 9696 [Note] Shutting down plugin 'INNODB_TRX'
2014-09-09 10:22:25 9696 [Note] Shutting down plugin 'BLACKHOLE'
2014-09-09 10:22:25 9696 [Note] Shutting down plugin 'ARCHIVE'
2014-09-09 10:22:25 9696 [Note] Shutting down plugin 'MRG_MYISAM'
2014-09-09 10:22:25 9696 [Note] Shutting down plugin 'MyISAM'
2014-09-09 10:22:25 9696 [Note] Shutting down plugin 'MEMORY'
2014-09-09 10:22:25 9696 [Note] Shutting down plugin 'CSV'
2014-09-09 10:22:25 9696 [Note] Shutting down plugin 'sha256_password'
2014-09-09 10:22:25 9696 [Note] Shutting down plugin 'mysql_old_password'
2014-09-09 10:22:25 9696 [Note] Shutting down plugin 'mysql_native_password'
2014-09-09 10:22:25 9696 [Note] Shutting down plugin 'binlog'
2014-09-09 10:22:25 9696 [Note] mysql\bin\mysqld.exe: Shutdown complete

2014-09-09 11:05:49 5492 [Note] Plugin 'FEDERATED' is disabled.
2014-09-09 11:05:49 5492 [Note] InnoDB: The InnoDB memory heap is disabled
2014-09-09 11:05:49 5492 [Note] InnoDB: Mutexes and rw_locks use Windows interlocked functions
2014-09-09 11:05:49 5492 [Note] InnoDB: Compressed tables use zlib 1.2.3
2014-09-09 11:05:49 5492 [Note] InnoDB: CPU does not support crc32 instructions
2014-09-09 11:05:49 5492 [Note] InnoDB: Initializing buffer pool, size = 128.0M
2014-09-09 11:05:49 5492 [Note] InnoDB: Completed initialization of buffer pool
2014-09-09 11:05:49 5492 [ERROR] InnoDB: read can't be opened in .\ibdata1 mode
2014-09-09 11:05:49 5492 [ERROR] InnoDB: The system tablespace must be writable!
2014-09-09 11:05:49 5492 [ERROR] Plugin 'InnoDB' init function returned error.
2014-09-09 11:05:49 5492 [ERROR] Plugin 'InnoDB' registration as a STORAGE ENGINE failed.
2014-09-09 11:05:49 5492 [ERROR] Unknown/unsupported storage engine: InnoDB
2014-09-09 11:05:49 5492 [ERROR] Aborting

2014-09-09 11:05:49 5492 [Note] Binlog end
2014-09-09 11:05:49 5492 [Note] Shutting down plugin 'partition'
2014-09-09 11:05:49 5492 [Note] Shutting down plugin 'PERFORMANCE_SCHEMA'
2014-09-09 11:05:49 5492 [Note] Shutting down plugin 'INNODB_SYS_DATAFILES'
2014-09-09 11:05:49 5492 [Note] Shutting down plugin 'INNODB_SYS_TABLESPACES'
2014-09-09 11:05:49 5492 [Note] Shutting down plugin 'INNODB_SYS_FOREIGN_COLS'
2014-09-09 11:05:49 5492 [Note] Shutting down plugin 'INNODB_SYS_FOREIGN'
2014-09-09 11:05:49 5492 [Note] Shutting down plugin 'INNODB_SYS_FIELDS'
2014-09-09 11:05:49 5492 [Note] Shutting down plugin 'INNODB_SYS_COLUMNS'
2014-09-09 11:05:49 5492 [Note] Shutting down plugin 'INNODB_SYS_INDEXES'
2014-09-09 11:05:49 5492 [Note] Shutting down plugin 'INNODB_SYS_TABLESTATS'
2014-09-09 11:05:49 5492 [Note] Shutting down plugin 'INNODB_SYS_TABLES'
2014-09-09 11:05:49 5492 [Note] Shutting down plugin 'INNODB_FT_INDEX_TABLE'
2014-09-09 11:05:49 5492 [Note] Shutting down plugin 'INNODB_FT_INDEX_CACHE'
2014-09-09 11:05:49 5492 [Note] Shutting down plugin 'INNODB_FT_CONFIG'
2014-09-09 11:05:49 5492 [Note] Shutting down plugin 'INNODB_FT_BEING_DELETED'
2014-09-09 11:05:49 5492 [Note] Shutting down plugin 'INNODB_FT_DELETED'
2014-09-09 11:05:49 5492 [Note] Shutting down plugin 'INNODB_FT_INSERTED'
2014-09-09 11:05:49 5492 [Note] Shutting down plugin 'INNODB_FT_DEFAULT_STOPWORD'
2014-09-09 11:05:49 5492 [Note] Shutting down plugin 'INNODB_METRICS'
2014-09-09 11:05:49 5492 [Note] Shutting down plugin 'INNODB_BUFFER_POOL_STATS'
2014-09-09 11:05:49 5492 [Note] Shutting down plugin 'INNODB_BUFFER_PAGE_LRU'
2014-09-09 11:05:49 5492 [Note] Shutting down plugin 'INNODB_BUFFER_PAGE'
2014-09-09 11:05:49 5492 [Note] Shutting down plugin 'INNODB_CMP_PER_INDEX_RESET'
2014-09-09 11:05:49 5492 [Note] Shutting down plugin 'INNODB_CMP_PER_INDEX'
2014-09-09 11:05:49 5492 [Note] Shutting down plugin 'INNODB_CMPMEM_RESET'
2014-09-09 11:05:49 5492 [Note] Shutting down plugin 'INNODB_CMPMEM'
2014-09-09 11:05:49 5492 [Note] Shutting down plugin 'INNODB_CMP_RESET'
2014-09-09 11:05:49 5492 [Note] Shutting down plugin 'INNODB_CMP'
2014-09-09 11:05:49 5492 [Note] Shutting down plugin 'INNODB_LOCK_WAITS'
2014-09-09 11:05:49 5492 [Note] Shutting down plugin 'INNODB_LOCKS'
2014-09-09 11:05:49 5492 [Note] Shutting down plugin 'INNODB_TRX'
2014-09-09 11:05:49 5492 [Note] Shutting down plugin 'BLACKHOLE'
2014-09-09 11:05:49 5492 [Note] Shutting down plugin 'ARCHIVE'
2014-09-09 11:05:49 5492 [Note] Shutting down plugin 'MRG_MYISAM'
2014-09-09 11:05:49 5492 [Note] Shutting down plugin 'MyISAM'
2014-09-09 11:05:49 5492 [Note] Shutting down plugin 'MEMORY'
2014-09-09 11:05:49 5492 [Note] Shutting down plugin 'CSV'
2014-09-09 11:05:49 5492 [Note] Shutting down plugin 'sha256_password'
2014-09-09 11:05:49 5492 [Note] Shutting down plugin 'mysql_old_password'
2014-09-09 11:05:49 5492 [Note] Shutting down plugin 'mysql_native_password'
2014-09-09 11:05:49 5492 [Note] Shutting down plugin 'binlog'
2014-09-09 11:05:49 5492 [Note] mysql\bin\mysqld.exe: Shutdown complete

2014-09-09 11:13:08 10004 [Note] Plugin 'FEDERATED' is disabled.
2014-09-09 11:13:08 10004 [Note] InnoDB: The InnoDB memory heap is disabled
2014-09-09 11:13:08 10004 [Note] InnoDB: Mutexes and rw_locks use Windows interlocked functions
2014-09-09 11:13:08 10004 [Note] InnoDB: Compressed tables use zlib 1.2.3
2014-09-09 11:13:08 10004 [Note] InnoDB: CPU does not support crc32 instructions
2014-09-09 11:13:08 10004 [Note] InnoDB: Initializing buffer pool, size = 128.0M
2014-09-09 11:13:08 10004 [Note] InnoDB: Completed initialization of buffer pool
2014-09-09 11:13:08 10004 [ERROR] InnoDB: read can't be opened in .\ibdata1 mode
2014-09-09 11:13:08 10004 [ERROR] InnoDB: The system tablespace must be writable!
2014-09-09 11:13:08 10004 [ERROR] Plugin 'InnoDB' init function returned error.
2014-09-09 11:13:08 10004 [ERROR] Plugin 'InnoDB' registration as a STORAGE ENGINE failed.
2014-09-09 11:13:08 10004 [ERROR] Unknown/unsupported storage engine: InnoDB
2014-09-09 11:13:08 10004 [ERROR] Aborting

2014-09-09 11:13:08 10004 [Note] Binlog end
2014-09-09 11:13:08 10004 [Note] Shutting down plugin 'partition'
2014-09-09 11:13:08 10004 [Note] Shutting down plugin 'PERFORMANCE_SCHEMA'
2014-09-09 11:13:08 10004 [Note] Shutting down plugin 'INNODB_SYS_DATAFILES'
2014-09-09 11:13:08 10004 [Note] Shutting down plugin 'INNODB_SYS_TABLESPACES'
2014-09-09 11:13:08 10004 [Note] Shutting down plugin 'INNODB_SYS_FOREIGN_COLS'
2014-09-09 11:13:08 10004 [Note] Shutting down plugin 'INNODB_SYS_FOREIGN'
2014-09-09 11:13:08 10004 [Note] Shutting down plugin 'INNODB_SYS_FIELDS'
2014-09-09 11:13:08 10004 [Note] Shutting down plugin 'INNODB_SYS_COLUMNS'
2014-09-09 11:13:08 10004 [Note] Shutting down plugin 'INNODB_SYS_INDEXES'
2014-09-09 11:13:08 10004 [Note] Shutting down plugin 'INNODB_SYS_TABLESTATS'
2014-09-09 11:13:08 10004 [Note] Shutting down plugin 'INNODB_SYS_TABLES'
2014-09-09 11:13:08 10004 [Note] Shutting down plugin 'INNODB_FT_INDEX_TABLE'
2014-09-09 11:13:08 10004 [Note] Shutting down plugin 'INNODB_FT_INDEX_CACHE'
2014-09-09 11:13:08 10004 [Note] Shutting down plugin 'INNODB_FT_CONFIG'
2014-09-09 11:13:08 10004 [Note] Shutting down plugin 'INNODB_FT_BEING_DELETED'
2014-09-09 11:13:08 10004 [Note] Shutting down plugin 'INNODB_FT_DELETED'
2014-09-09 11:13:08 10004 [Note] Shutting down plugin 'INNODB_FT_INSERTED'
2014-09-09 11:13:08 10004 [Note] Shutting down plugin 'INNODB_FT_DEFAULT_STOPWORD'
2014-09-09 11:13:08 10004 [Note] Shutting down plugin 'INNODB_METRICS'
2014-09-09 11:13:08 10004 [Note] Shutting down plugin 'INNODB_BUFFER_POOL_STATS'
2014-09-09 11:13:08 10004 [Note] Shutting down plugin 'INNODB_BUFFER_PAGE_LRU'
2014-09-09 11:13:08 10004 [Note] Shutting down plugin 'INNODB_BUFFER_PAGE'
2014-09-09 11:13:08 10004 [Note] Shutting down plugin 'INNODB_CMP_PER_INDEX_RESET'
2014-09-09 11:13:08 10004 [Note] Shutting down plugin 'INNODB_CMP_PER_INDEX'
2014-09-09 11:13:08 10004 [Note] Shutting down plugin 'INNODB_CMPMEM_RESET'
2014-09-09 11:13:08 10004 [Note] Shutting down plugin 'INNODB_CMPMEM'
2014-09-09 11:13:08 10004 [Note] Shutting down plugin 'INNODB_CMP_RESET'
2014-09-09 11:13:08 10004 [Note] Shutting down plugin 'INNODB_CMP'
2014-09-09 11:13:08 10004 [Note] Shutting down plugin 'INNODB_LOCK_WAITS'
2014-09-09 11:13:08 10004 [Note] Shutting down plugin 'INNODB_LOCKS'
2014-09-09 11:13:08 10004 [Note] Shutting down plugin 'INNODB_TRX'
2014-09-09 11:13:08 10004 [Note] Shutting down plugin 'BLACKHOLE'
2014-09-09 11:13:08 10004 [Note] Shutting down plugin 'ARCHIVE'
2014-09-09 11:13:08 10004 [Note] Shutting down plugin 'MRG_MYISAM'
2014-09-09 11:13:08 10004 [Note] Shutting down plugin 'MyISAM'
2014-09-09 11:13:08 10004 [Note] Shutting down plugin 'MEMORY'
2014-09-09 11:13:08 10004 [Note] Shutting down plugin 'CSV'
2014-09-09 11:13:08 10004 [Note] Shutting down plugin 'sha256_password'
2014-09-09 11:13:08 10004 [Note] Shutting down plugin 'mysql_old_password'
2014-09-09 11:13:08 10004 [Note] Shutting down plugin 'mysql_native_password'
2014-09-09 11:13:08 10004 [Note] Shutting down plugin 'binlog'
2014-09-09 11:13:08 10004 [Note] mysql\bin\mysqld.exe: Shutdown complete

2014-09-10 09:23:42 8252 [Note] Plugin 'FEDERATED' is disabled.
2014-09-10 09:23:43 8252 [Note] InnoDB: The InnoDB memory heap is disabled
2014-09-10 09:23:43 8252 [Note] InnoDB: Mutexes and rw_locks use Windows interlocked functions
2014-09-10 09:23:43 8252 [Note] InnoDB: Compressed tables use zlib 1.2.3
2014-09-10 09:23:43 8252 [Note] InnoDB: CPU does not support crc32 instructions
2014-09-10 09:23:43 8252 [Note] InnoDB: Initializing buffer pool, size = 128.0M
2014-09-10 09:23:43 8252 [Note] InnoDB: Completed initialization of buffer pool
2014-09-10 09:23:43 8252 [Note] InnoDB: Highest supported file format is Barracuda.
2014-09-10 09:23:43 8252 [Note] InnoDB: The log sequence numbers 1625977 and 1625977 in ibdata files do not match the log sequence number 2154274 in the ib_logfiles!
2014-09-10 09:23:43 8252 [Note] InnoDB: Database was not shutdown normally!
2014-09-10 09:23:43 8252 [Note] InnoDB: Starting crash recovery.
2014-09-10 09:23:43 8252 [Note] InnoDB: Reading tablespace information from the .ibd files...
2014-09-10 09:23:46 8252 [Note] InnoDB: Restoring possible half-written data pages 
2014-09-10 09:23:46 8252 [Note] InnoDB: from the doublewrite buffer...
2014-09-10 09:23:52 8252 [Note] InnoDB: 128 rollback segment(s) are active.
2014-09-10 09:23:52 8252 [Note] InnoDB: Waiting for purge to start
2014-09-10 09:23:52 8252 [Note] InnoDB: 1.2.10 started; log sequence number 2154274
2014-09-10 09:23:52 8252 [Note] Server hostname (bind-address): '*'; port: 3306
2014-09-10 09:23:52 8252 [Note] IPv6 is available.
2014-09-10 09:23:52 8252 [Note]   - '::' resolves to '::';
2014-09-10 09:23:52 8252 [Note] Server socket created on IP: '::'.
2014-09-10 09:23:55 8252 [Note] Event Scheduler: Loaded 0 events
2014-09-10 09:23:55 8252 [Note] mysql\bin\mysqld.exe: ready for connections.
Version: '5.6.10'  socket: ''  port: 3306  MySQL Community Server (GPL)
2014-09-10 18:07:15 29328 [Note] Plugin 'FEDERATED' is disabled.
2014-09-10 18:07:15 29328 [Note] InnoDB: The InnoDB memory heap is disabled
2014-09-10 18:07:15 29328 [Note] InnoDB: Mutexes and rw_locks use Windows interlocked functions
2014-09-10 18:07:15 29328 [Note] InnoDB: Compressed tables use zlib 1.2.3
2014-09-10 18:07:15 29328 [Note] InnoDB: CPU does not support crc32 instructions
2014-09-10 18:07:15 29328 [Note] InnoDB: Initializing buffer pool, size = 128.0M
2014-09-10 18:07:15 29328 [Note] InnoDB: Completed initialization of buffer pool
2014-09-10 18:07:15 29328 [ERROR] InnoDB: read can't be opened in .\ibdata1 mode
2014-09-10 18:07:15 29328 [ERROR] InnoDB: The system tablespace must be writable!
2014-09-10 18:07:15 29328 [ERROR] Plugin 'InnoDB' init function returned error.
2014-09-10 18:07:15 29328 [ERROR] Plugin 'InnoDB' registration as a STORAGE ENGINE failed.
2014-09-10 18:07:15 29328 [ERROR] Unknown/unsupported storage engine: InnoDB
2014-09-10 18:07:15 29328 [ERROR] Aborting

2014-09-10 18:07:15 29328 [Note] Binlog end
2014-09-10 18:07:15 29328 [Note] Shutting down plugin 'partition'
2014-09-10 18:07:15 29328 [Note] Shutting down plugin 'PERFORMANCE_SCHEMA'
2014-09-10 18:07:15 29328 [Note] Shutting down plugin 'INNODB_SYS_DATAFILES'
2014-09-10 18:07:15 29328 [Note] Shutting down plugin 'INNODB_SYS_TABLESPACES'
2014-09-10 18:07:15 29328 [Note] Shutting down plugin 'INNODB_SYS_FOREIGN_COLS'
2014-09-10 18:07:15 29328 [Note] Shutting down plugin 'INNODB_SYS_FOREIGN'
2014-09-10 18:07:15 29328 [Note] Shutting down plugin 'INNODB_SYS_FIELDS'
2014-09-10 18:07:15 29328 [Note] Shutting down plugin 'INNODB_SYS_COLUMNS'
2014-09-10 18:07:15 29328 [Note] Shutting down plugin 'INNODB_SYS_INDEXES'
2014-09-10 18:07:15 29328 [Note] Shutting down plugin 'INNODB_SYS_TABLESTATS'
2014-09-10 18:07:15 29328 [Note] Shutting down plugin 'INNODB_SYS_TABLES'
2014-09-10 18:07:15 29328 [Note] Shutting down plugin 'INNODB_FT_INDEX_TABLE'
2014-09-10 18:07:15 29328 [Note] Shutting down plugin 'INNODB_FT_INDEX_CACHE'
2014-09-10 18:07:15 29328 [Note] Shutting down plugin 'INNODB_FT_CONFIG'
2014-09-10 18:07:15 29328 [Note] Shutting down plugin 'INNODB_FT_BEING_DELETED'
2014-09-10 18:07:15 29328 [Note] Shutting down plugin 'INNODB_FT_DELETED'
2014-09-10 18:07:15 29328 [Note] Shutting down plugin 'INNODB_FT_INSERTED'
2014-09-10 18:07:15 29328 [Note] Shutting down plugin 'INNODB_FT_DEFAULT_STOPWORD'
2014-09-10 18:07:15 29328 [Note] Shutting down plugin 'INNODB_METRICS'
2014-09-10 18:07:15 29328 [Note] Shutting down plugin 'INNODB_BUFFER_POOL_STATS'
2014-09-10 18:07:15 29328 [Note] Shutting down plugin 'INNODB_BUFFER_PAGE_LRU'
2014-09-10 18:07:15 29328 [Note] Shutting down plugin 'INNODB_BUFFER_PAGE'
2014-09-10 18:07:15 29328 [Note] Shutting down plugin 'INNODB_CMP_PER_INDEX_RESET'
2014-09-10 18:07:15 29328 [Note] Shutting down plugin 'INNODB_CMP_PER_INDEX'
2014-09-10 18:07:15 29328 [Note] Shutting down plugin 'INNODB_CMPMEM_RESET'
2014-09-10 18:07:15 29328 [Note] Shutting down plugin 'INNODB_CMPMEM'
2014-09-10 18:07:15 29328 [Note] Shutting down plugin 'INNODB_CMP_RESET'
2014-09-10 18:07:15 29328 [Note] Shutting down plugin 'INNODB_CMP'
2014-09-10 18:07:15 29328 [Note] Shutting down plugin 'INNODB_LOCK_WAITS'
2014-09-10 18:07:15 29328 [Note] Shutting down plugin 'INNODB_LOCKS'
2014-09-10 18:07:15 29328 [Note] Shutting down plugin 'INNODB_TRX'
2014-09-10 18:07:15 29328 [Note] Shutting down plugin 'BLACKHOLE'
2014-09-10 18:07:15 29328 [Note] Shutting down plugin 'ARCHIVE'
2014-09-10 18:07:15 29328 [Note] Shutting down plugin 'MRG_MYISAM'
2014-09-10 18:07:15 29328 [Note] Shutting down plugin 'MyISAM'
2014-09-10 18:07:15 29328 [Note] Shutting down plugin 'MEMORY'
2014-09-10 18:07:15 29328 [Note] Shutting down plugin 'CSV'
2014-09-10 18:07:15 29328 [Note] Shutting down plugin 'sha256_password'
2014-09-10 18:07:15 29328 [Note] Shutting down plugin 'mysql_old_password'
2014-09-10 18:07:15 29328 [Note] Shutting down plugin 'mysql_native_password'
2014-09-10 18:07:15 29328 [Note] Shutting down plugin 'binlog'
2014-09-10 18:07:15 29328 [Note] mysql\bin\mysqld.exe: Shutdown complete

2014-09-11 11:40:29 10476 [Note] Plugin 'FEDERATED' is disabled.
2014-09-11 11:40:30 10476 [Note] InnoDB: The InnoDB memory heap is disabled
2014-09-11 11:40:30 10476 [Note] InnoDB: Mutexes and rw_locks use Windows interlocked functions
2014-09-11 11:40:30 10476 [Note] InnoDB: Compressed tables use zlib 1.2.3
2014-09-11 11:40:30 10476 [Note] InnoDB: CPU does not support crc32 instructions
2014-09-11 11:40:30 10476 [Note] InnoDB: Initializing buffer pool, size = 128.0M
2014-09-11 11:40:30 10476 [Note] InnoDB: Completed initialization of buffer pool
2014-09-11 11:40:30 10476 [Note] InnoDB: Highest supported file format is Barracuda.
2014-09-11 11:40:30 10476 [Note] InnoDB: The log sequence numbers 1625977 and 1625977 in ibdata files do not match the log sequence number 2154284 in the ib_logfiles!
2014-09-11 11:40:30 10476 [Note] InnoDB: Database was not shutdown normally!
2014-09-11 11:40:30 10476 [Note] InnoDB: Starting crash recovery.
2014-09-11 11:40:30 10476 [Note] InnoDB: Reading tablespace information from the .ibd files...
2014-09-11 11:40:32 10476 [Note] InnoDB: Restoring possible half-written data pages 
2014-09-11 11:40:32 10476 [Note] InnoDB: from the doublewrite buffer...
2014-09-11 11:40:33 10476 [Note] InnoDB: 128 rollback segment(s) are active.
2014-09-11 11:40:33 10476 [Note] InnoDB: Waiting for purge to start
2014-09-11 11:40:33 10476 [Note] InnoDB: 1.2.10 started; log sequence number 2154284
2014-09-11 11:40:33 10476 [Note] Server hostname (bind-address): '*'; port: 3306
2014-09-11 11:40:33 10476 [Note] IPv6 is available.
2014-09-11 11:40:33 10476 [Note]   - '::' resolves to '::';
2014-09-11 11:40:33 10476 [Note] Server socket created on IP: '::'.
2014-09-11 11:40:34 10476 [Note] Event Scheduler: Loaded 0 events
2014-09-11 11:40:34 10476 [Note] mysql\bin\mysqld.exe: ready for connections.
Version: '5.6.10'  socket: ''  port: 3306  MySQL Community Server (GPL)
2014-09-11 15:22:17 12564 [Note] Plugin 'FEDERATED' is disabled.
2014-09-11 15:22:17 12564 [Note] InnoDB: The InnoDB memory heap is disabled
2014-09-11 15:22:17 12564 [Note] InnoDB: Mutexes and rw_locks use Windows interlocked functions
2014-09-11 15:22:17 12564 [Note] InnoDB: Compressed tables use zlib 1.2.3
2014-09-11 15:22:17 12564 [Note] InnoDB: CPU does not support crc32 instructions
2014-09-11 15:22:17 12564 [Note] InnoDB: Initializing buffer pool, size = 128.0M
2014-09-11 15:22:17 12564 [Note] InnoDB: Completed initialization of buffer pool
2014-09-11 15:22:17 12564 [ERROR] InnoDB: read can't be opened in .\ibdata1 mode
2014-09-11 15:22:17 12564 [ERROR] InnoDB: The system tablespace must be writable!
2014-09-11 15:22:17 12564 [ERROR] Plugin 'InnoDB' init function returned error.
2014-09-11 15:22:17 12564 [ERROR] Plugin 'InnoDB' registration as a STORAGE ENGINE failed.
2014-09-11 15:22:17 12564 [ERROR] Unknown/unsupported storage engine: InnoDB
2014-09-11 15:22:17 12564 [ERROR] Aborting

2014-09-11 15:22:17 12564 [Note] Binlog end
2014-09-11 15:22:17 12564 [Note] Shutting down plugin 'partition'
2014-09-11 15:22:17 12564 [Note] Shutting down plugin 'PERFORMANCE_SCHEMA'
2014-09-11 15:22:17 12564 [Note] Shutting down plugin 'INNODB_SYS_DATAFILES'
2014-09-11 15:22:17 12564 [Note] Shutting down plugin 'INNODB_SYS_TABLESPACES'
2014-09-11 15:22:17 12564 [Note] Shutting down plugin 'INNODB_SYS_FOREIGN_COLS'
2014-09-11 15:22:17 12564 [Note] Shutting down plugin 'INNODB_SYS_FOREIGN'
2014-09-11 15:22:17 12564 [Note] Shutting down plugin 'INNODB_SYS_FIELDS'
2014-09-11 15:22:17 12564 [Note] Shutting down plugin 'INNODB_SYS_COLUMNS'
2014-09-11 15:22:17 12564 [Note] Shutting down plugin 'INNODB_SYS_INDEXES'
2014-09-11 15:22:17 12564 [Note] Shutting down plugin 'INNODB_SYS_TABLESTATS'
2014-09-11 15:22:17 12564 [Note] Shutting down plugin 'INNODB_SYS_TABLES'
2014-09-11 15:22:17 12564 [Note] Shutting down plugin 'INNODB_FT_INDEX_TABLE'
2014-09-11 15:22:17 12564 [Note] Shutting down plugin 'INNODB_FT_INDEX_CACHE'
2014-09-11 15:22:17 12564 [Note] Shutting down plugin 'INNODB_FT_CONFIG'
2014-09-11 15:22:17 12564 [Note] Shutting down plugin 'INNODB_FT_BEING_DELETED'
2014-09-11 15:22:17 12564 [Note] Shutting down plugin 'INNODB_FT_DELETED'
2014-09-11 15:22:17 12564 [Note] Shutting down plugin 'INNODB_FT_INSERTED'
2014-09-11 15:22:17 12564 [Note] Shutting down plugin 'INNODB_FT_DEFAULT_STOPWORD'
2014-09-11 15:22:17 12564 [Note] Shutting down plugin 'INNODB_METRICS'
2014-09-11 15:22:17 12564 [Note] Shutting down plugin 'INNODB_BUFFER_POOL_STATS'
2014-09-11 15:22:17 12564 [Note] Shutting down plugin 'INNODB_BUFFER_PAGE_LRU'
2014-09-11 15:22:17 12564 [Note] Shutting down plugin 'INNODB_BUFFER_PAGE'
2014-09-11 15:22:17 12564 [Note] Shutting down plugin 'INNODB_CMP_PER_INDEX_RESET'
2014-09-11 15:22:17 12564 [Note] Shutting down plugin 'INNODB_CMP_PER_INDEX'
2014-09-11 15:22:17 12564 [Note] Shutting down plugin 'INNODB_CMPMEM_RESET'
2014-09-11 15:22:17 12564 [Note] Shutting down plugin 'INNODB_CMPMEM'
2014-09-11 15:22:17 12564 [Note] Shutting down plugin 'INNODB_CMP_RESET'
2014-09-11 15:22:17 12564 [Note] Shutting down plugin 'INNODB_CMP'
2014-09-11 15:22:17 12564 [Note] Shutting down plugin 'INNODB_LOCK_WAITS'
2014-09-11 15:22:17 12564 [Note] Shutting down plugin 'INNODB_LOCKS'
2014-09-11 15:22:17 12564 [Note] Shutting down plugin 'INNODB_TRX'
2014-09-11 15:22:17 12564 [Note] Shutting down plugin 'BLACKHOLE'
2014-09-11 15:22:17 12564 [Note] Shutting down plugin 'ARCHIVE'
2014-09-11 15:22:17 12564 [Note] Shutting down plugin 'MRG_MYISAM'
2014-09-11 15:22:17 12564 [Note] Shutting down plugin 'MyISAM'
2014-09-11 15:22:17 12564 [Note] Shutting down plugin 'MEMORY'
2014-09-11 15:22:17 12564 [Note] Shutting down plugin 'CSV'
2014-09-11 15:22:17 12564 [Note] Shutting down plugin 'sha256_password'
2014-09-11 15:22:17 12564 [Note] Shutting down plugin 'mysql_old_password'
2014-09-11 15:22:17 12564 [Note] Shutting down plugin 'mysql_native_password'
2014-09-11 15:22:17 12564 [Note] Shutting down plugin 'binlog'
2014-09-11 15:22:17 12564 [Note] mysql\bin\mysqld.exe: Shutdown complete

2014-09-11 15:32:56 14644 [Note] Plugin 'FEDERATED' is disabled.
2014-09-11 15:32:56 14644 [Note] InnoDB: The InnoDB memory heap is disabled
2014-09-11 15:32:56 14644 [Note] InnoDB: Mutexes and rw_locks use Windows interlocked functions
2014-09-11 15:32:56 14644 [Note] InnoDB: Compressed tables use zlib 1.2.3
2014-09-11 15:32:56 14644 [Note] InnoDB: CPU does not support crc32 instructions
2014-09-11 15:32:56 14644 [Note] InnoDB: Initializing buffer pool, size = 128.0M
2014-09-11 15:32:56 14644 [Note] InnoDB: Completed initialization of buffer pool
2014-09-11 15:32:56 14644 [ERROR] InnoDB: read can't be opened in .\ibdata1 mode
2014-09-11 15:32:56 14644 [ERROR] InnoDB: The system tablespace must be writable!
2014-09-11 15:32:56 14644 [ERROR] Plugin 'InnoDB' init function returned error.
2014-09-11 15:32:56 14644 [ERROR] Plugin 'InnoDB' registration as a STORAGE ENGINE failed.
2014-09-11 15:32:56 14644 [ERROR] Unknown/unsupported storage engine: InnoDB
2014-09-11 15:32:56 14644 [ERROR] Aborting

2014-09-11 15:32:56 14644 [Note] Binlog end
2014-09-11 15:32:56 14644 [Note] Shutting down plugin 'partition'
2014-09-11 15:32:56 14644 [Note] Shutting down plugin 'PERFORMANCE_SCHEMA'
2014-09-11 15:32:56 14644 [Note] Shutting down plugin 'INNODB_SYS_DATAFILES'
2014-09-11 15:32:56 14644 [Note] Shutting down plugin 'INNODB_SYS_TABLESPACES'
2014-09-11 15:32:56 14644 [Note] Shutting down plugin 'INNODB_SYS_FOREIGN_COLS'
2014-09-11 15:32:56 14644 [Note] Shutting down plugin 'INNODB_SYS_FOREIGN'
2014-09-11 15:32:56 14644 [Note] Shutting down plugin 'INNODB_SYS_FIELDS'
2014-09-11 15:32:56 14644 [Note] Shutting down plugin 'INNODB_SYS_COLUMNS'
2014-09-11 15:32:56 14644 [Note] Shutting down plugin 'INNODB_SYS_INDEXES'
2014-09-11 15:32:56 14644 [Note] Shutting down plugin 'INNODB_SYS_TABLESTATS'
2014-09-11 15:32:56 14644 [Note] Shutting down plugin 'INNODB_SYS_TABLES'
2014-09-11 15:32:56 14644 [Note] Shutting down plugin 'INNODB_FT_INDEX_TABLE'
2014-09-11 15:32:56 14644 [Note] Shutting down plugin 'INNODB_FT_INDEX_CACHE'
2014-09-11 15:32:56 14644 [Note] Shutting down plugin 'INNODB_FT_CONFIG'
2014-09-11 15:32:56 14644 [Note] Shutting down plugin 'INNODB_FT_BEING_DELETED'
2014-09-11 15:32:56 14644 [Note] Shutting down plugin 'INNODB_FT_DELETED'
2014-09-11 15:32:56 14644 [Note] Shutting down plugin 'INNODB_FT_INSERTED'
2014-09-11 15:32:56 14644 [Note] Shutting down plugin 'INNODB_FT_DEFAULT_STOPWORD'
2014-09-11 15:32:56 14644 [Note] Shutting down plugin 'INNODB_METRICS'
2014-09-11 15:32:56 14644 [Note] Shutting down plugin 'INNODB_BUFFER_POOL_STATS'
2014-09-11 15:32:56 14644 [Note] Shutting down plugin 'INNODB_BUFFER_PAGE_LRU'
2014-09-11 15:32:56 14644 [Note] Shutting down plugin 'INNODB_BUFFER_PAGE'
2014-09-11 15:32:56 14644 [Note] Shutting down plugin 'INNODB_CMP_PER_INDEX_RESET'
2014-09-11 15:32:56 14644 [Note] Shutting down plugin 'INNODB_CMP_PER_INDEX'
2014-09-11 15:32:56 14644 [Note] Shutting down plugin 'INNODB_CMPMEM_RESET'
2014-09-11 15:32:56 14644 [Note] Shutting down plugin 'INNODB_CMPMEM'
2014-09-11 15:32:56 14644 [Note] Shutting down plugin 'INNODB_CMP_RESET'
2014-09-11 15:32:56 14644 [Note] Shutting down plugin 'INNODB_CMP'
2014-09-11 15:32:56 14644 [Note] Shutting down plugin 'INNODB_LOCK_WAITS'
2014-09-11 15:32:56 14644 [Note] Shutting down plugin 'INNODB_LOCKS'
2014-09-11 15:32:56 14644 [Note] Shutting down plugin 'INNODB_TRX'
2014-09-11 15:32:56 14644 [Note] Shutting down plugin 'BLACKHOLE'
2014-09-11 15:32:56 14644 [Note] Shutting down plugin 'ARCHIVE'
2014-09-11 15:32:56 14644 [Note] Shutting down plugin 'MRG_MYISAM'
2014-09-11 15:32:56 14644 [Note] Shutting down plugin 'MyISAM'
2014-09-11 15:32:56 14644 [Note] Shutting down plugin 'MEMORY'
2014-09-11 15:32:56 14644 [Note] Shutting down plugin 'CSV'
2014-09-11 15:32:56 14644 [Note] Shutting down plugin 'sha256_password'
2014-09-11 15:32:56 14644 [Note] Shutting down plugin 'mysql_old_password'
2014-09-11 15:32:56 14644 [Note] Shutting down plugin 'mysql_native_password'
2014-09-11 15:32:56 14644 [Note] Shutting down plugin 'binlog'
2014-09-11 15:32:56 14644 [Note] mysql\bin\mysqld.exe: Shutdown complete

2014-09-11 15:33:33 6464 [Note] Plugin 'FEDERATED' is disabled.
2014-09-11 15:33:33 6464 [Note] InnoDB: The InnoDB memory heap is disabled
2014-09-11 15:33:33 6464 [Note] InnoDB: Mutexes and rw_locks use Windows interlocked functions
2014-09-11 15:33:33 6464 [Note] InnoDB: Compressed tables use zlib 1.2.3
2014-09-11 15:33:33 6464 [Note] InnoDB: CPU does not support crc32 instructions
2014-09-11 15:33:33 6464 [Note] InnoDB: Initializing buffer pool, size = 128.0M
2014-09-11 15:33:33 6464 [Note] InnoDB: Completed initialization of buffer pool
2014-09-11 15:33:33 6464 [Note] InnoDB: Highest supported file format is Barracuda.
2014-09-11 15:33:33 6464 [Note] InnoDB: The log sequence numbers 1625977 and 1625977 in ibdata files do not match the log sequence number 2168825 in the ib_logfiles!
2014-09-11 15:33:33 6464 [Note] InnoDB: Database was not shutdown normally!
2014-09-11 15:33:33 6464 [Note] InnoDB: Starting crash recovery.
2014-09-11 15:33:33 6464 [Note] InnoDB: Reading tablespace information from the .ibd files...
2014-09-11 15:33:34 6464 [Note] InnoDB: Restoring possible half-written data pages 
2014-09-11 15:33:34 6464 [Note] InnoDB: from the doublewrite buffer...
2014-09-11 15:33:34 6464 [Note] InnoDB: 128 rollback segment(s) are active.
2014-09-11 15:33:34 6464 [Note] InnoDB: Waiting for purge to start
2014-09-11 15:33:34 6464 [Note] InnoDB: 1.2.10 started; log sequence number 2168825
2014-09-11 15:33:34 6464 [Note] Server hostname (bind-address): '*'; port: 3306
2014-09-11 15:33:34 6464 [Note] IPv6 is available.
2014-09-11 15:33:34 6464 [Note]   - '::' resolves to '::';
2014-09-11 15:33:34 6464 [Note] Server socket created on IP: '::'.
2014-09-11 15:33:35 6464 [Note] Event Scheduler: Loaded 0 events
2014-09-11 15:33:35 6464 [Note] mysql\bin\mysqld.exe: ready for connections.
Version: '5.6.10'  socket: ''  port: 3306  MySQL Community Server (GPL)
2014-09-12 19:35:40 8284 [Note] Plugin 'FEDERATED' is disabled.
2014-09-12 19:35:40 8284 [Note] InnoDB: The InnoDB memory heap is disabled
2014-09-12 19:35:40 8284 [Note] InnoDB: Mutexes and rw_locks use Windows interlocked functions
2014-09-12 19:35:40 8284 [Note] InnoDB: Compressed tables use zlib 1.2.3
2014-09-12 19:35:40 8284 [Note] InnoDB: CPU does not support crc32 instructions
2014-09-12 19:35:40 8284 [Note] InnoDB: Initializing buffer pool, size = 128.0M
2014-09-12 19:35:40 8284 [Note] InnoDB: Completed initialization of buffer pool
2014-09-12 19:35:40 8284 [Note] InnoDB: Highest supported file format is Barracuda.
2014-09-12 19:35:40 8284 [Note] InnoDB: The log sequence numbers 1625977 and 1625977 in ibdata files do not match the log sequence number 2183243 in the ib_logfiles!
2014-09-12 19:35:40 8284 [Note] InnoDB: Database was not shutdown normally!
2014-09-12 19:35:40 8284 [Note] InnoDB: Starting crash recovery.
2014-09-12 19:35:40 8284 [Note] InnoDB: Reading tablespace information from the .ibd files...
2014-09-12 19:35:41 8284 [Note] InnoDB: Restoring possible half-written data pages 
2014-09-12 19:35:41 8284 [Note] InnoDB: from the doublewrite buffer...
2014-09-12 19:35:42 8284 [Note] InnoDB: 128 rollback segment(s) are active.
2014-09-12 19:35:42 8284 [Note] InnoDB: Waiting for purge to start
2014-09-12 19:35:42 8284 [Note] InnoDB: 1.2.10 started; log sequence number 2183243
2014-09-12 19:35:42 8284 [Note] Server hostname (bind-address): '*'; port: 3306
2014-09-12 19:35:42 8284 [Note] IPv6 is available.
2014-09-12 19:35:42 8284 [Note]   - '::' resolves to '::';
2014-09-12 19:35:42 8284 [Note] Server socket created on IP: '::'.
2014-09-12 19:35:43 8284 [Note] Event Scheduler: Loaded 0 events
2014-09-12 19:35:43 8284 [Note] mysql\bin\mysqld.exe: ready for connections.
Version: '5.6.10'  socket: ''  port: 3306  MySQL Community Server (GPL)
2014-09-13 08:59:29 4076 [Note] Plugin 'FEDERATED' is disabled.
2014-09-13 08:59:29 4076 [Note] InnoDB: The InnoDB memory heap is disabled
2014-09-13 08:59:30 4076 [Note] InnoDB: Mutexes and rw_locks use Windows interlocked functions
2014-09-13 08:59:30 4076 [Note] InnoDB: Compressed tables use zlib 1.2.3
2014-09-13 08:59:30 4076 [Note] InnoDB: CPU does not support crc32 instructions
2014-09-13 08:59:30 4076 [Note] InnoDB: Initializing buffer pool, size = 128.0M
2014-09-13 08:59:30 4076 [Note] InnoDB: Completed initialization of buffer pool
2014-09-13 08:59:30 4076 [Note] InnoDB: Highest supported file format is Barracuda.
2014-09-13 08:59:30 4076 [Note] InnoDB: The log sequence numbers 1625977 and 1625977 in ibdata files do not match the log sequence number 2183253 in the ib_logfiles!
2014-09-13 08:59:30 4076 [Note] InnoDB: Database was not shutdown normally!
2014-09-13 08:59:30 4076 [Note] InnoDB: Starting crash recovery.
2014-09-13 08:59:30 4076 [Note] InnoDB: Reading tablespace information from the .ibd files...
2014-09-13 08:59:30 4076 [Note] InnoDB: Restoring possible half-written data pages 
2014-09-13 08:59:30 4076 [Note] InnoDB: from the doublewrite buffer...
2014-09-13 08:59:31 4076 [Note] InnoDB: 128 rollback segment(s) are active.
2014-09-13 08:59:31 4076 [Note] InnoDB: Waiting for purge to start
2014-09-13 08:59:31 4076 [Note] InnoDB: 1.2.10 started; log sequence number 2183253
2014-09-13 08:59:31 4076 [Note] Server hostname (bind-address): '*'; port: 3306
2014-09-13 08:59:31 4076 [Note] IPv6 is available.
2014-09-13 08:59:31 4076 [Note]   - '::' resolves to '::';
2014-09-13 08:59:31 4076 [Note] Server socket created on IP: '::'.
2014-09-13 08:59:32 4076 [Note] Event Scheduler: Loaded 0 events
2014-09-13 08:59:32 4076 [Note] mysql\bin\mysqld.exe: ready for connections.
Version: '5.6.10'  socket: ''  port: 3306  MySQL Community Server (GPL)
2014-09-13 12:32:54 7436 [Note] Plugin 'FEDERATED' is disabled.
2014-09-13 12:32:54 7436 [Note] InnoDB: The InnoDB memory heap is disabled
2014-09-13 12:32:54 7436 [Note] InnoDB: Mutexes and rw_locks use Windows interlocked functions
2014-09-13 12:32:54 7436 [Note] InnoDB: Compressed tables use zlib 1.2.3
2014-09-13 12:32:54 7436 [Note] InnoDB: CPU does not support crc32 instructions
2014-09-13 12:32:54 7436 [Note] InnoDB: Initializing buffer pool, size = 128.0M
2014-09-13 12:32:54 7436 [Note] InnoDB: Completed initialization of buffer pool
2014-09-13 12:32:54 7436 [Note] InnoDB: Highest supported file format is Barracuda.
2014-09-13 12:32:54 7436 [Note] InnoDB: The log sequence numbers 1625977 and 1625977 in ibdata files do not match the log sequence number 2183263 in the ib_logfiles!
2014-09-13 12:32:54 7436 [Note] InnoDB: Database was not shutdown normally!
2014-09-13 12:32:54 7436 [Note] InnoDB: Starting crash recovery.
2014-09-13 12:32:54 7436 [Note] InnoDB: Reading tablespace information from the .ibd files...
2014-09-13 12:32:56 7436 [Note] InnoDB: Restoring possible half-written data pages 
2014-09-13 12:32:56 7436 [Note] InnoDB: from the doublewrite buffer...
2014-09-13 12:33:02 7436 [Note] InnoDB: 128 rollback segment(s) are active.
2014-09-13 12:33:02 7436 [Note] InnoDB: Waiting for purge to start
2014-09-13 12:33:02 7436 [Note] InnoDB: 1.2.10 started; log sequence number 2183263
2014-09-13 12:33:02 7436 [Note] Server hostname (bind-address): '*'; port: 3306
2014-09-13 12:33:02 7436 [Note] IPv6 is available.
2014-09-13 12:33:02 7436 [Note]   - '::' resolves to '::';
2014-09-13 12:33:02 7436 [Note] Server socket created on IP: '::'.
2014-09-13 12:33:06 7436 [Note] Event Scheduler: Loaded 0 events
2014-09-13 12:33:06 7436 [Note] mysql\bin\mysqld.exe: ready for connections.
Version: '5.6.10'  socket: ''  port: 3306  MySQL Community Server (GPL)
2014-09-13 18:06:20 12380 [Note] Plugin 'FEDERATED' is disabled.
2014-09-13 18:06:20 12380 [Note] InnoDB: The InnoDB memory heap is disabled
2014-09-13 18:06:20 12380 [Note] InnoDB: Mutexes and rw_locks use Windows interlocked functions
2014-09-13 18:06:20 12380 [Note] InnoDB: Compressed tables use zlib 1.2.3
2014-09-13 18:06:20 12380 [Note] InnoDB: CPU does not support crc32 instructions
2014-09-13 18:06:20 12380 [Note] InnoDB: Initializing buffer pool, size = 128.0M
2014-09-13 18:06:20 12380 [Note] InnoDB: Completed initialization of buffer pool
2014-09-13 18:06:20 12380 [Note] InnoDB: Highest supported file format is Barracuda.
2014-09-13 18:06:20 12380 [Note] InnoDB: The log sequence numbers 1625977 and 1625977 in ibdata files do not match the log sequence number 2183273 in the ib_logfiles!
2014-09-13 18:06:20 12380 [Note] InnoDB: Database was not shutdown normally!
2014-09-13 18:06:20 12380 [Note] InnoDB: Starting crash recovery.
2014-09-13 18:06:20 12380 [Note] InnoDB: Reading tablespace information from the .ibd files...
2014-09-13 18:06:21 12380 [Note] InnoDB: Restoring possible half-written data pages 
2014-09-13 18:06:21 12380 [Note] InnoDB: from the doublewrite buffer...
2014-09-13 18:06:22 12380 [Note] InnoDB: 128 rollback segment(s) are active.
2014-09-13 18:06:22 12380 [Note] InnoDB: Waiting for purge to start
2014-09-13 18:06:22 12380 [Note] InnoDB: 1.2.10 started; log sequence number 2183273
2014-09-13 18:06:22 12380 [Note] Server hostname (bind-address): '*'; port: 3306
2014-09-13 18:06:22 12380 [Note] IPv6 is available.
2014-09-13 18:06:22 12380 [Note]   - '::' resolves to '::';
2014-09-13 18:06:22 12380 [Note] Server socket created on IP: '::'.
2014-09-13 18:06:22 12380 [Note] Event Scheduler: Loaded 0 events
2014-09-13 18:06:22 12380 [Note] mysql\bin\mysqld.exe: ready for connections.
Version: '5.6.10'  socket: ''  port: 3306  MySQL Community Server (GPL)
2014-09-15 09:00:20 6372 [Note] Plugin 'FEDERATED' is disabled.
2014-09-15 09:00:20 6372 [Note] InnoDB: The InnoDB memory heap is disabled
2014-09-15 09:00:20 6372 [Note] InnoDB: Mutexes and rw_locks use Windows interlocked functions
2014-09-15 09:00:20 6372 [Note] InnoDB: Compressed tables use zlib 1.2.3
2014-09-15 09:00:20 6372 [Note] InnoDB: CPU does not support crc32 instructions
2014-09-15 09:00:20 6372 [Note] InnoDB: Initializing buffer pool, size = 128.0M
2014-09-15 09:00:20 6372 [Note] InnoDB: Completed initialization of buffer pool
2014-09-15 09:00:20 6372 [Note] InnoDB: Highest supported file format is Barracuda.
2014-09-15 09:00:20 6372 [Note] InnoDB: The log sequence numbers 1625977 and 1625977 in ibdata files do not match the log sequence number 2186181 in the ib_logfiles!
2014-09-15 09:00:20 6372 [Note] InnoDB: Database was not shutdown normally!
2014-09-15 09:00:20 6372 [Note] InnoDB: Starting crash recovery.
2014-09-15 09:00:20 6372 [Note] InnoDB: Reading tablespace information from the .ibd files...
2014-09-15 09:00:20 6372 [Note] InnoDB: Restoring possible half-written data pages 
2014-09-15 09:00:20 6372 [Note] InnoDB: from the doublewrite buffer...
2014-09-15 09:00:21 6372 [Note] InnoDB: 128 rollback segment(s) are active.
2014-09-15 09:00:21 6372 [Note] InnoDB: Waiting for purge to start
2014-09-15 09:00:21 6372 [Note] InnoDB: 1.2.10 started; log sequence number 2186181
2014-09-15 09:00:21 6372 [Note] Server hostname (bind-address): '*'; port: 3306
2014-09-15 09:00:21 6372 [Note] IPv6 is available.
2014-09-15 09:00:21 6372 [Note]   - '::' resolves to '::';
2014-09-15 09:00:21 6372 [Note] Server socket created on IP: '::'.
2014-09-15 09:00:22 6372 [Note] Event Scheduler: Loaded 0 events
2014-09-15 09:00:22 6372 [Note] mysql\bin\mysqld.exe: ready for connections.
Version: '5.6.10'  socket: ''  port: 3306  MySQL Community Server (GPL)
2014-09-15 09:58:21 8300 [Note] Plugin 'FEDERATED' is disabled.
2014-09-15 09:58:21 8300 [Note] InnoDB: The InnoDB memory heap is disabled
2014-09-15 09:58:21 8300 [Note] InnoDB: Mutexes and rw_locks use Windows interlocked functions
2014-09-15 09:58:21 8300 [Note] InnoDB: Compressed tables use zlib 1.2.3
2014-09-15 09:58:21 8300 [Note] InnoDB: CPU does not support crc32 instructions
2014-09-15 09:58:21 8300 [Note] InnoDB: Initializing buffer pool, size = 128.0M
2014-09-15 09:58:21 8300 [Note] InnoDB: Completed initialization of buffer pool
2014-09-15 09:58:21 8300 [Note] InnoDB: Highest supported file format is Barracuda.
2014-09-15 09:58:21 8300 [Note] InnoDB: The log sequence numbers 1625977 and 1625977 in ibdata files do not match the log sequence number 2186191 in the ib_logfiles!
2014-09-15 09:58:21 8300 [Note] InnoDB: Database was not shutdown normally!
2014-09-15 09:58:21 8300 [Note] InnoDB: Starting crash recovery.
2014-09-15 09:58:21 8300 [Note] InnoDB: Reading tablespace information from the .ibd files...
2014-09-15 09:58:21 8300 [Note] InnoDB: Restoring possible half-written data pages 
2014-09-15 09:58:21 8300 [Note] InnoDB: from the doublewrite buffer...
2014-09-15 09:58:22 8300 [Note] InnoDB: 128 rollback segment(s) are active.
2014-09-15 09:58:22 8300 [Note] InnoDB: Waiting for purge to start
2014-09-15 09:58:22 8300 [Note] InnoDB: 1.2.10 started; log sequence number 2186191
2014-09-15 09:58:22 8300 [Note] Server hostname (bind-address): '*'; port: 3306
2014-09-15 09:58:22 8300 [Note] IPv6 is available.
2014-09-15 09:58:22 8300 [Note]   - '::' resolves to '::';
2014-09-15 09:58:22 8300 [Note] Server socket created on IP: '::'.
2014-09-15 09:58:22 8300 [Note] Event Scheduler: Loaded 0 events
2014-09-15 09:58:22 8300 [Note] mysql\bin\mysqld.exe: ready for connections.
Version: '5.6.10'  socket: ''  port: 3306  MySQL Community Server (GPL)
2014-09-15 10:49:47 9352 [Note] Plugin 'FEDERATED' is disabled.
2014-09-15 10:49:47 9352 [Note] InnoDB: The InnoDB memory heap is disabled
2014-09-15 10:49:47 9352 [Note] InnoDB: Mutexes and rw_locks use Windows interlocked functions
2014-09-15 10:49:47 9352 [Note] InnoDB: Compressed tables use zlib 1.2.3
2014-09-15 10:49:47 9352 [Note] InnoDB: CPU does not support crc32 instructions
2014-09-15 10:49:47 9352 [Note] InnoDB: Initializing buffer pool, size = 128.0M
2014-09-15 10:49:47 9352 [Note] InnoDB: Completed initialization of buffer pool
2014-09-15 10:49:47 9352 [Note] InnoDB: Highest supported file format is Barracuda.
2014-09-15 10:49:47 9352 [Note] InnoDB: The log sequence numbers 1625977 and 1625977 in ibdata files do not match the log sequence number 2186201 in the ib_logfiles!
2014-09-15 10:49:47 9352 [Note] InnoDB: Database was not shutdown normally!
2014-09-15 10:49:47 9352 [Note] InnoDB: Starting crash recovery.
2014-09-15 10:49:47 9352 [Note] InnoDB: Reading tablespace information from the .ibd files...
2014-09-15 10:49:47 9352 [Note] InnoDB: Restoring possible half-written data pages 
2014-09-15 10:49:47 9352 [Note] InnoDB: from the doublewrite buffer...
2014-09-15 10:49:47 9352 [Note] InnoDB: 128 rollback segment(s) are active.
2014-09-15 10:49:47 9352 [Note] InnoDB: Waiting for purge to start
2014-09-15 10:49:48 9352 [Note] InnoDB: 1.2.10 started; log sequence number 2186201
2014-09-15 10:49:48 9352 [Note] Server hostname (bind-address): '*'; port: 3306
2014-09-15 10:49:48 9352 [Note] IPv6 is available.
2014-09-15 10:49:48 9352 [Note]   - '::' resolves to '::';
2014-09-15 10:49:48 9352 [Note] Server socket created on IP: '::'.
2014-09-15 10:49:48 9352 [Note] Event Scheduler: Loaded 0 events
2014-09-15 10:49:48 9352 [Note] mysql\bin\mysqld.exe: ready for connections.
Version: '5.6.10'  socket: ''  port: 3306  MySQL Community Server (GPL)
2014-09-15 14:20:25 12696 [Note] Plugin 'FEDERATED' is disabled.
2014-09-15 14:20:25 12696 [Note] InnoDB: The InnoDB memory heap is disabled
2014-09-15 14:20:25 12696 [Note] InnoDB: Mutexes and rw_locks use Windows interlocked functions
2014-09-15 14:20:25 12696 [Note] InnoDB: Compressed tables use zlib 1.2.3
2014-09-15 14:20:25 12696 [Note] InnoDB: CPU does not support crc32 instructions
2014-09-15 14:20:25 12696 [Note] InnoDB: Initializing buffer pool, size = 128.0M
2014-09-15 14:20:25 12696 [Note] InnoDB: Completed initialization of buffer pool
2014-09-15 14:20:25 12696 [Note] InnoDB: Highest supported file format is Barracuda.
2014-09-15 14:20:25 12696 [Note] InnoDB: The log sequence numbers 1625977 and 1625977 in ibdata files do not match the log sequence number 2186211 in the ib_logfiles!
2014-09-15 14:20:25 12696 [Note] InnoDB: Database was not shutdown normally!
2014-09-15 14:20:25 12696 [Note] InnoDB: Starting crash recovery.
2014-09-15 14:20:25 12696 [Note] InnoDB: Reading tablespace information from the .ibd files...
2014-09-15 14:20:25 12696 [Note] InnoDB: Restoring possible half-written data pages 
2014-09-15 14:20:25 12696 [Note] InnoDB: from the doublewrite buffer...
2014-09-15 14:20:25 12696 [Note] InnoDB: 128 rollback segment(s) are active.
2014-09-15 14:20:25 12696 [Note] InnoDB: Waiting for purge to start
2014-09-15 14:20:26 12696 [Note] InnoDB: 1.2.10 started; log sequence number 2186211
2014-09-15 14:20:26 12696 [Note] Server hostname (bind-address): '*'; port: 3306
2014-09-15 14:20:26 12696 [Note] IPv6 is available.
2014-09-15 14:20:26 12696 [Note]   - '::' resolves to '::';
2014-09-15 14:20:26 12696 [Note] Server socket created on IP: '::'.
2014-09-15 14:20:26 12696 [Note] Event Scheduler: Loaded 0 events
2014-09-15 14:20:26 12696 [Note] mysql\bin\mysqld.exe: ready for connections.
Version: '5.6.10'  socket: ''  port: 3306  MySQL Community Server (GPL)
2014-09-15 19:19:06 16884 [Note] Plugin 'FEDERATED' is disabled.
2014-09-15 19:19:06 16884 [Note] InnoDB: The InnoDB memory heap is disabled
2014-09-15 19:19:06 16884 [Note] InnoDB: Mutexes and rw_locks use Windows interlocked functions
2014-09-15 19:19:06 16884 [Note] InnoDB: Compressed tables use zlib 1.2.3
2014-09-15 19:19:06 16884 [Note] InnoDB: CPU does not support crc32 instructions
2014-09-15 19:19:06 16884 [Note] InnoDB: Initializing buffer pool, size = 128.0M
2014-09-15 19:19:06 16884 [Note] InnoDB: Completed initialization of buffer pool
2014-09-15 19:19:06 16884 [Note] InnoDB: Highest supported file format is Barracuda.
2014-09-15 19:19:06 16884 [Note] InnoDB: The log sequence numbers 1625977 and 1625977 in ibdata files do not match the log sequence number 2186221 in the ib_logfiles!
2014-09-15 19:19:06 16884 [Note] InnoDB: Database was not shutdown normally!
2014-09-15 19:19:06 16884 [Note] InnoDB: Starting crash recovery.
2014-09-15 19:19:06 16884 [Note] InnoDB: Reading tablespace information from the .ibd files...
2014-09-15 19:19:06 16884 [Note] InnoDB: Restoring possible half-written data pages 
2014-09-15 19:19:06 16884 [Note] InnoDB: from the doublewrite buffer...
2014-09-15 19:19:07 16884 [Note] InnoDB: 128 rollback segment(s) are active.
2014-09-15 19:19:07 16884 [Note] InnoDB: Waiting for purge to start
2014-09-15 19:19:08 16884 [Note] InnoDB: 1.2.10 started; log sequence number 2186221
2014-09-15 19:19:08 16884 [Note] Server hostname (bind-address): '*'; port: 3306
2014-09-15 19:19:08 16884 [Note] IPv6 is available.
2014-09-15 19:19:08 16884 [Note]   - '::' resolves to '::';
2014-09-15 19:19:08 16884 [Note] Server socket created on IP: '::'.
2014-09-15 19:19:09 16884 [Note] Event Scheduler: Loaded 0 events
2014-09-15 19:19:09 16884 [Note] mysql\bin\mysqld.exe: ready for connections.
Version: '5.6.10'  socket: ''  port: 3306  MySQL Community Server (GPL)
2014-09-16 14:33:55 12960 [Note] Plugin 'FEDERATED' is disabled.
2014-09-16 14:33:55 12960 [Note] InnoDB: The InnoDB memory heap is disabled
2014-09-16 14:33:55 12960 [Note] InnoDB: Mutexes and rw_locks use Windows interlocked functions
2014-09-16 14:33:55 12960 [Note] InnoDB: Compressed tables use zlib 1.2.3
2014-09-16 14:33:55 12960 [Note] InnoDB: CPU does not support crc32 instructions
2014-09-16 14:33:55 12960 [Note] InnoDB: Initializing buffer pool, size = 128.0M
2014-09-16 14:33:55 12960 [Note] InnoDB: Completed initialization of buffer pool
2014-09-16 14:33:55 12960 [Note] InnoDB: Highest supported file format is Barracuda.
2014-09-16 14:33:55 12960 [Note] InnoDB: The log sequence numbers 1625977 and 1625977 in ibdata files do not match the log sequence number 2186231 in the ib_logfiles!
2014-09-16 14:33:55 12960 [Note] InnoDB: Database was not shutdown normally!
2014-09-16 14:33:55 12960 [Note] InnoDB: Starting crash recovery.
2014-09-16 14:33:55 12960 [Note] InnoDB: Reading tablespace information from the .ibd files...
2014-09-16 14:33:55 12960 [Note] InnoDB: Restoring possible half-written data pages 
2014-09-16 14:33:55 12960 [Note] InnoDB: from the doublewrite buffer...
2014-09-16 14:34:16 12960 [Note] InnoDB: 128 rollback segment(s) are active.
2014-09-16 14:34:16 12960 [Note] InnoDB: Waiting for purge to start
2014-09-16 14:34:16 12960 [Note] InnoDB: 1.2.10 started; log sequence number 2186231
2014-09-16 14:34:16 12960 [Note] Server hostname (bind-address): '*'; port: 3306
2014-09-16 14:34:16 12960 [Note] IPv6 is available.
2014-09-16 14:34:16 12960 [Note]   - '::' resolves to '::';
2014-09-16 14:34:16 12960 [Note] Server socket created on IP: '::'.
2014-09-16 14:34:17 12960 [Note] Event Scheduler: Loaded 0 events
2014-09-16 14:34:17 12960 [Note] mysql\bin\mysqld.exe: ready for connections.
Version: '5.6.10'  socket: ''  port: 3306  MySQL Community Server (GPL)
2014-09-17 09:29:13 3996 [Note] Plugin 'FEDERATED' is disabled.
2014-09-17 09:29:13 3996 [Note] InnoDB: The InnoDB memory heap is disabled
2014-09-17 09:29:13 3996 [Note] InnoDB: Mutexes and rw_locks use Windows interlocked functions
2014-09-17 09:29:13 3996 [Note] InnoDB: Compressed tables use zlib 1.2.3
2014-09-17 09:29:13 3996 [Note] InnoDB: CPU does not support crc32 instructions
2014-09-17 09:29:13 3996 [Note] InnoDB: Initializing buffer pool, size = 128.0M
2014-09-17 09:29:13 3996 [Note] InnoDB: Completed initialization of buffer pool
2014-09-17 09:29:13 3996 [Note] InnoDB: Highest supported file format is Barracuda.
2014-09-17 09:29:13 3996 [Note] InnoDB: The log sequence numbers 1625977 and 1625977 in ibdata files do not match the log sequence number 2186257 in the ib_logfiles!
2014-09-17 09:29:13 3996 [Note] InnoDB: Database was not shutdown normally!
2014-09-17 09:29:13 3996 [Note] InnoDB: Starting crash recovery.
2014-09-17 09:29:13 3996 [Note] InnoDB: Reading tablespace information from the .ibd files...
2014-09-17 09:29:14 3996 [Note] InnoDB: Restoring possible half-written data pages 
2014-09-17 09:29:14 3996 [Note] InnoDB: from the doublewrite buffer...
2014-09-17 09:29:16 3996 [Note] InnoDB: 128 rollback segment(s) are active.
2014-09-17 09:29:16 3996 [Note] InnoDB: Waiting for purge to start
2014-09-17 09:29:16 3996 [Note] InnoDB: 1.2.10 started; log sequence number 2186257
2014-09-17 09:29:16 3996 [Note] Server hostname (bind-address): '*'; port: 3306
2014-09-17 09:29:16 3996 [Note] IPv6 is available.
2014-09-17 09:29:16 3996 [Note]   - '::' resolves to '::';
2014-09-17 09:29:16 3996 [Note] Server socket created on IP: '::'.
2014-09-17 09:29:18 3996 [Note] Event Scheduler: Loaded 0 events
2014-09-17 09:29:18 3996 [Note] mysql\bin\mysqld.exe: ready for connections.
Version: '5.6.10'  socket: ''  port: 3306  MySQL Community Server (GPL)
2014-09-17 09:30:34 7064 [Note] Plugin 'FEDERATED' is disabled.
2014-09-17 09:30:34 7064 [Note] InnoDB: The InnoDB memory heap is disabled
2014-09-17 09:30:34 7064 [Note] InnoDB: Mutexes and rw_locks use Windows interlocked functions
2014-09-17 09:30:34 7064 [Note] InnoDB: Compressed tables use zlib 1.2.3
2014-09-17 09:30:34 7064 [Note] InnoDB: CPU does not support crc32 instructions
2014-09-17 09:30:34 7064 [Note] InnoDB: Initializing buffer pool, size = 128.0M
2014-09-17 09:30:34 7064 [Note] InnoDB: Completed initialization of buffer pool
2014-09-17 09:30:34 7064 [Note] InnoDB: Highest supported file format is Barracuda.
2014-09-17 09:30:34 7064 [Note] InnoDB: The log sequence numbers 1625977 and 1625977 in ibdata files do not match the log sequence number 2186267 in the ib_logfiles!
2014-09-17 09:30:34 7064 [Note] InnoDB: Database was not shutdown normally!
2014-09-17 09:30:34 7064 [Note] InnoDB: Starting crash recovery.
2014-09-17 09:30:34 7064 [Note] InnoDB: Reading tablespace information from the .ibd files...
2014-09-17 09:30:34 7064 [Note] InnoDB: Restoring possible half-written data pages 
2014-09-17 09:30:34 7064 [Note] InnoDB: from the doublewrite buffer...
2014-09-17 09:30:35 7064 [Note] InnoDB: 128 rollback segment(s) are active.
2014-09-17 09:30:35 7064 [Note] InnoDB: Waiting for purge to start
2014-09-17 09:30:35 7064 [Note] InnoDB: 1.2.10 started; log sequence number 2186267
2014-09-17 09:30:35 7064 [Note] Server hostname (bind-address): '*'; port: 3306
2014-09-17 09:30:35 7064 [Note] IPv6 is available.
2014-09-17 09:30:35 7064 [Note]   - '::' resolves to '::';
2014-09-17 09:30:35 7064 [Note] Server socket created on IP: '::'.
2014-09-17 09:30:35 7064 [Note] Event Scheduler: Loaded 0 events
2014-09-17 09:30:35 7064 [Note] mysql\bin\mysqld.exe: ready for connections.
Version: '5.6.10'  socket: ''  port: 3306  MySQL Community Server (GPL)
2014-09-17 09:30:51 8072 [Note] Plugin 'FEDERATED' is disabled.
2014-09-17 09:30:51 8072 [Note] InnoDB: The InnoDB memory heap is disabled
2014-09-17 09:30:52 8072 [Note] InnoDB: Mutexes and rw_locks use Windows interlocked functions
2014-09-17 09:30:52 8072 [Note] InnoDB: Compressed tables use zlib 1.2.3
2014-09-17 09:30:52 8072 [Note] InnoDB: CPU does not support crc32 instructions
2014-09-17 09:30:52 8072 [Note] InnoDB: Initializing buffer pool, size = 128.0M
2014-09-17 09:30:52 8072 [Note] InnoDB: Completed initialization of buffer pool
2014-09-17 09:30:52 8072 [Note] InnoDB: Highest supported file format is Barracuda.
2014-09-17 09:30:52 8072 [Note] InnoDB: The log sequence numbers 1625977 and 1625977 in ibdata files do not match the log sequence number 2186277 in the ib_logfiles!
2014-09-17 09:30:52 8072 [Note] InnoDB: Database was not shutdown normally!
2014-09-17 09:30:52 8072 [Note] InnoDB: Starting crash recovery.
2014-09-17 09:30:52 8072 [Note] InnoDB: Reading tablespace information from the .ibd files...
2014-09-17 09:30:52 8072 [Note] InnoDB: Restoring possible half-written data pages 
2014-09-17 09:30:52 8072 [Note] InnoDB: from the doublewrite buffer...
2014-09-17 09:30:53 8072 [Note] InnoDB: 128 rollback segment(s) are active.
2014-09-17 09:30:53 8072 [Note] InnoDB: Waiting for purge to start
2014-09-17 09:30:53 8072 [Note] InnoDB: 1.2.10 started; log sequence number 2186277
2014-09-17 09:30:53 8072 [Note] Server hostname (bind-address): '*'; port: 3306
2014-09-17 09:30:53 8072 [Note] IPv6 is available.
2014-09-17 09:30:53 8072 [Note]   - '::' resolves to '::';
2014-09-17 09:30:53 8072 [Note] Server socket created on IP: '::'.
2014-09-17 09:30:53 8072 [Note] Event Scheduler: Loaded 0 events
2014-09-17 09:30:53 8072 [Note] mysql\bin\mysqld.exe: ready for connections.
Version: '5.6.10'  socket: ''  port: 3306  MySQL Community Server (GPL)
2014-09-17 09:31:14 5724 [Note] Plugin 'FEDERATED' is disabled.
2014-09-17 09:31:14 5724 [Note] InnoDB: The InnoDB memory heap is disabled
2014-09-17 09:31:14 5724 [Note] InnoDB: Mutexes and rw_locks use Windows interlocked functions
2014-09-17 09:31:14 5724 [Note] InnoDB: Compressed tables use zlib 1.2.3
2014-09-17 09:31:14 5724 [Note] InnoDB: CPU does not support crc32 instructions
2014-09-17 09:31:14 5724 [Note] InnoDB: Initializing buffer pool, size = 128.0M
2014-09-17 09:31:14 5724 [Note] InnoDB: Completed initialization of buffer pool
2014-09-17 09:31:14 5724 [Note] InnoDB: Highest supported file format is Barracuda.
2014-09-17 09:31:14 5724 [Note] InnoDB: The log sequence numbers 1625977 and 1625977 in ibdata files do not match the log sequence number 2186287 in the ib_logfiles!
2014-09-17 09:31:14 5724 [Note] InnoDB: Database was not shutdown normally!
2014-09-17 09:31:14 5724 [Note] InnoDB: Starting crash recovery.
2014-09-17 09:31:14 5724 [Note] InnoDB: Reading tablespace information from the .ibd files...
2014-09-17 09:31:14 5724 [Note] InnoDB: Restoring possible half-written data pages 
2014-09-17 09:31:14 5724 [Note] InnoDB: from the doublewrite buffer...
2014-09-17 09:31:16 5724 [Note] InnoDB: 128 rollback segment(s) are active.
2014-09-17 09:31:16 5724 [Note] InnoDB: Waiting for purge to start
2014-09-17 09:31:16 5724 [Note] InnoDB: 1.2.10 started; log sequence number 2186287
2014-09-17 09:31:16 5724 [Note] Server hostname (bind-address): '*'; port: 3306
2014-09-17 09:31:16 5724 [Note] IPv6 is available.
2014-09-17 09:31:16 5724 [Note]   - '::' resolves to '::';
2014-09-17 09:31:16 5724 [Note] Server socket created on IP: '::'.
2014-09-17 09:31:16 5724 [Note] Event Scheduler: Loaded 0 events
2014-09-17 09:31:16 5724 [Note] mysql\bin\mysqld.exe: ready for connections.
Version: '5.6.10'  socket: ''  port: 3306  MySQL Community Server (GPL)
2014-09-17 09:31:54 8900 [Note] Plugin 'FEDERATED' is disabled.
2014-09-17 09:31:54 8900 [Note] InnoDB: The InnoDB memory heap is disabled
2014-09-17 09:31:54 8900 [Note] InnoDB: Mutexes and rw_locks use Windows interlocked functions
2014-09-17 09:31:54 8900 [Note] InnoDB: Compressed tables use zlib 1.2.3
2014-09-17 09:31:54 8900 [Note] InnoDB: CPU does not support crc32 instructions
2014-09-17 09:31:54 8900 [Note] InnoDB: Initializing buffer pool, size = 128.0M
2014-09-17 09:31:54 8900 [Note] InnoDB: Completed initialization of buffer pool
2014-09-17 09:31:54 8900 [Note] InnoDB: Highest supported file format is Barracuda.
2014-09-17 09:31:54 8900 [Note] InnoDB: The log sequence numbers 1625977 and 1625977 in ibdata files do not match the log sequence number 2186297 in the ib_logfiles!
2014-09-17 09:31:54 8900 [Note] InnoDB: Database was not shutdown normally!
2014-09-17 09:31:54 8900 [Note] InnoDB: Starting crash recovery.
2014-09-17 09:31:54 8900 [Note] InnoDB: Reading tablespace information from the .ibd files...
2014-09-17 09:31:54 8900 [Note] InnoDB: Restoring possible half-written data pages 
2014-09-17 09:31:54 8900 [Note] InnoDB: from the doublewrite buffer...
2014-09-17 09:31:55 8900 [Note] InnoDB: 128 rollback segment(s) are active.
2014-09-17 09:31:55 8900 [Note] InnoDB: Waiting for purge to start
2014-09-17 09:31:55 8900 [Note] InnoDB: 1.2.10 started; log sequence number 2186297
2014-09-17 09:31:55 8900 [Note] Server hostname (bind-address): '*'; port: 3306
2014-09-17 09:31:55 8900 [Note] IPv6 is available.
2014-09-17 09:31:55 8900 [Note]   - '::' resolves to '::';
2014-09-17 09:31:55 8900 [Note] Server socket created on IP: '::'.
2014-09-17 09:31:55 8900 [Note] Event Scheduler: Loaded 0 events
2014-09-17 09:31:55 8900 [Note] mysql\bin\mysqld.exe: ready for connections.
Version: '5.6.10'  socket: ''  port: 3306  MySQL Community Server (GPL)
2014-09-17 10:22:55 9576 [Note] Plugin 'FEDERATED' is disabled.
2014-09-17 10:22:55 9576 [Note] InnoDB: The InnoDB memory heap is disabled
2014-09-17 10:22:55 9576 [Note] InnoDB: Mutexes and rw_locks use Windows interlocked functions
2014-09-17 10:22:55 9576 [Note] InnoDB: Compressed tables use zlib 1.2.3
2014-09-17 10:22:55 9576 [Note] InnoDB: CPU does not support crc32 instructions
2014-09-17 10:22:55 9576 [Note] InnoDB: Initializing buffer pool, size = 128.0M
2014-09-17 10:22:55 9576 [Note] InnoDB: Completed initialization of buffer pool
2014-09-17 10:22:55 9576 [Note] InnoDB: Highest supported file format is Barracuda.
2014-09-17 10:22:55 9576 [Note] InnoDB: The log sequence numbers 1625977 and 1625977 in ibdata files do not match the log sequence number 2186307 in the ib_logfiles!
2014-09-17 10:22:55 9576 [Note] InnoDB: Database was not shutdown normally!
2014-09-17 10:22:55 9576 [Note] InnoDB: Starting crash recovery.
2014-09-17 10:22:55 9576 [Note] InnoDB: Reading tablespace information from the .ibd files...
2014-09-17 10:22:55 9576 [Note] InnoDB: Restoring possible half-written data pages 
2014-09-17 10:22:55 9576 [Note] InnoDB: from the doublewrite buffer...
2014-09-17 10:22:56 9576 [Note] InnoDB: 128 rollback segment(s) are active.
2014-09-17 10:22:56 9576 [Note] InnoDB: Waiting for purge to start
2014-09-17 10:22:56 9576 [Note] InnoDB: 1.2.10 started; log sequence number 2186307
2014-09-17 10:22:56 9576 [Note] Server hostname (bind-address): '*'; port: 3306
2014-09-17 10:22:56 9576 [Note] IPv6 is available.
2014-09-17 10:22:56 9576 [Note]   - '::' resolves to '::';
2014-09-17 10:22:56 9576 [Note] Server socket created on IP: '::'.
2014-09-17 10:22:56 9576 [Note] Event Scheduler: Loaded 0 events
2014-09-17 10:22:56 9576 [Note] mysql\bin\mysqld.exe: ready for connections.
Version: '5.6.10'  socket: ''  port: 3306  MySQL Community Server (GPL)
2014-09-17 15:56:36 4360 [Note] Plugin 'FEDERATED' is disabled.
2014-09-17 15:56:36 4360 [Note] InnoDB: The InnoDB memory heap is disabled
2014-09-17 15:56:36 4360 [Note] InnoDB: Mutexes and rw_locks use Windows interlocked functions
2014-09-17 15:56:36 4360 [Note] InnoDB: Compressed tables use zlib 1.2.3
2014-09-17 15:56:36 4360 [Note] InnoDB: CPU does not support crc32 instructions
2014-09-17 15:56:36 4360 [Note] InnoDB: Initializing buffer pool, size = 128.0M
2014-09-17 15:56:36 4360 [Note] InnoDB: Completed initialization of buffer pool
2014-09-17 15:56:36 4360 [Note] InnoDB: Highest supported file format is Barracuda.
2014-09-17 15:56:36 4360 [Note] InnoDB: The log sequence numbers 1625977 and 1625977 in ibdata files do not match the log sequence number 2186317 in the ib_logfiles!
2014-09-17 15:56:36 4360 [Note] InnoDB: Database was not shutdown normally!
2014-09-17 15:56:36 4360 [Note] InnoDB: Starting crash recovery.
2014-09-17 15:56:36 4360 [Note] InnoDB: Reading tablespace information from the .ibd files...
2014-09-17 15:56:36 4360 [Note] InnoDB: Restoring possible half-written data pages 
2014-09-17 15:56:36 4360 [Note] InnoDB: from the doublewrite buffer...
2014-09-17 15:56:37 4360 [Note] InnoDB: 128 rollback segment(s) are active.
2014-09-17 15:56:37 4360 [Note] InnoDB: Waiting for purge to start
2014-09-17 15:56:37 4360 [Note] InnoDB: 1.2.10 started; log sequence number 2186317
2014-09-17 15:56:37 4360 [Note] Server hostname (bind-address): '*'; port: 3306
2014-09-17 15:56:37 4360 [Note] IPv6 is available.
2014-09-17 15:56:37 4360 [Note]   - '::' resolves to '::';
2014-09-17 15:56:37 4360 [Note] Server socket created on IP: '::'.
2014-09-17 15:56:37 4360 [Note] Event Scheduler: Loaded 0 events
2014-09-17 15:56:37 4360 [Note] mysql\bin\mysqld.exe: ready for connections.
Version: '5.6.10'  socket: ''  port: 3306  MySQL Community Server (GPL)
2014-09-18 11:13:42 10324 [Note] Plugin 'FEDERATED' is disabled.
2014-09-18 11:13:42 10324 [Note] InnoDB: The InnoDB memory heap is disabled
2014-09-18 11:13:42 10324 [Note] InnoDB: Mutexes and rw_locks use Windows interlocked functions
2014-09-18 11:13:42 10324 [Note] InnoDB: Compressed tables use zlib 1.2.3
2014-09-18 11:13:42 10324 [Note] InnoDB: CPU does not support crc32 instructions
2014-09-18 11:13:42 10324 [Note] InnoDB: Initializing buffer pool, size = 128.0M
2014-09-18 11:13:42 10324 [Note] InnoDB: Completed initialization of buffer pool
2014-09-18 11:13:42 10324 [Note] InnoDB: Highest supported file format is Barracuda.
2014-09-18 11:13:42 10324 [Note] InnoDB: The log sequence numbers 1625977 and 1625977 in ibdata files do not match the log sequence number 2186327 in the ib_logfiles!
2014-09-18 11:13:42 10324 [Note] InnoDB: Database was not shutdown normally!
2014-09-18 11:13:42 10324 [Note] InnoDB: Starting crash recovery.
2014-09-18 11:13:42 10324 [Note] InnoDB: Reading tablespace information from the .ibd files...
2014-09-18 11:13:42 10324 [Note] InnoDB: Restoring possible half-written data pages 
2014-09-18 11:13:42 10324 [Note] InnoDB: from the doublewrite buffer...
2014-09-18 11:13:44 10324 [Note] InnoDB: 128 rollback segment(s) are active.
2014-09-18 11:13:44 10324 [Note] InnoDB: Waiting for purge to start
2014-09-18 11:13:44 10324 [Note] InnoDB: 1.2.10 started; log sequence number 2186327
2014-09-18 11:13:44 10324 [Note] Server hostname (bind-address): '*'; port: 3306
2014-09-18 11:13:44 10324 [Note] IPv6 is available.
2014-09-18 11:13:44 10324 [Note]   - '::' resolves to '::';
2014-09-18 11:13:44 10324 [Note] Server socket created on IP: '::'.
2014-09-18 11:13:44 10324 [Note] Event Scheduler: Loaded 0 events
2014-09-18 11:13:44 10324 [Note] mysql\bin\mysqld.exe: ready for connections.
Version: '5.6.10'  socket: ''  port: 3306  MySQL Community Server (GPL)
